<?xml version="1.0" encoding="UTF-8"?>
<testng-results ignored="3" total="5" passed="2" failed="0" skipped="0">
  <reporter-output>
  </reporter-output>
  <suite started-at="2024-07-29T17:57:14 IST" name="ShoppingTestSuite" finished-at="2024-07-29T17:57:53 IST" duration-ms="38420">
    <groups>
      <group name="Purchase">
        <method signature="PlaceOrderTest.submitOrderTest(java.util.HashMap)[pri:0, instance:shoppingsitetests.PlaceOrderTest@50b5ac82]" name="submitOrderTest" class="shoppingsitetests.PlaceOrderTest"/>
      </group> <!-- Purchase -->
      <group name="Smoke">
        <method signature="PlaceOrderTest.submitOrderTest(java.util.HashMap)[pri:0, instance:shoppingsitetests.PlaceOrderTest@50b5ac82]" name="submitOrderTest" class="shoppingsitetests.PlaceOrderTest"/>
      </group> <!-- Smoke -->
    </groups>
    <test started-at="2024-07-29T17:57:14 IST" name="Submit Order Tests" finished-at="2024-07-29T17:57:53 IST" duration-ms="38380">
      <class name="shoppingsitetests.PlaceOrderTest">
        <test-method is-config="true" signature="launchApplication()[pri:0, instance:shoppingsitetests.PlaceOrderTest@50b5ac82]" started-at="2024-07-29T17:57:15 IST" name="launchApplication" finished-at="2024-07-29T17:57:19 IST" duration-ms="4546" status="PASS">
          <reporter-output>
          </reporter-output>
        </test-method> <!-- launchApplication -->
        <test-method signature="submitOrderTest(java.util.HashMap)[pri:0, instance:shoppingsitetests.PlaceOrderTest@50b5ac82]" started-at="2024-07-29T17:57:19 IST" name="submitOrderTest" data-provider="getData" finished-at="2024-07-29T17:57:35 IST" duration-ms="15515" status="PASS">
          <params>
            <param index="0">
              <value>
                <![CDATA[{password=Qwerty@123, product=ADIDAS ORIGINAL, email=abhi@yahoo.com}]]>
              </value>
            </param>
          </params>
          <reporter-output>
          </reporter-output>
        </test-method> <!-- submitOrderTest -->
        <test-method is-config="true" signature="tearDown()[pri:0, instance:shoppingsitetests.PlaceOrderTest@50b5ac82]" started-at="2024-07-29T17:57:35 IST" name="tearDown" finished-at="2024-07-29T17:57:35 IST" duration-ms="186" status="PASS">
          <reporter-output>
          </reporter-output>
        </test-method> <!-- tearDown -->
        <test-method is-config="true" signature="launchApplication()[pri:0, instance:shoppingsitetests.PlaceOrderTest@50b5ac82]" started-at="2024-07-29T17:57:35 IST" name="launchApplication" finished-at="2024-07-29T17:57:37 IST" duration-ms="1891" status="PASS">
          <reporter-output>
          </reporter-output>
        </test-method> <!-- launchApplication -->
        <test-method signature="submitOrderTest(java.util.HashMap)[pri:0, instance:shoppingsitetests.PlaceOrderTest@50b5ac82]" started-at="2024-07-29T17:57:37 IST" name="submitOrderTest" data-provider="getData" finished-at="2024-07-29T17:57:52 IST" duration-ms="15527" status="PASS">
          <params>
            <param index="0">
              <value>
                <![CDATA[{password=Qwerty@123, product=ADIDAS ORIGINAL, email=abhi@yahoo.com}]]>
              </value>
            </param>
          </params>
          <reporter-output>
          </reporter-output>
        </test-method> <!-- submitOrderTest -->
        <test-method is-config="true" signature="tearDown()[pri:0, instance:shoppingsitetests.PlaceOrderTest@50b5ac82]" started-at="2024-07-29T17:57:52 IST" name="tearDown" finished-at="2024-07-29T17:57:53 IST" duration-ms="359" status="PASS">
          <reporter-output>
          </reporter-output>
        </test-method> <!-- tearDown -->
      </class> <!-- shoppingsitetests.PlaceOrderTest -->
    </test> <!-- Submit Order Tests -->
    <test started-at="2024-07-29T17:57:53 IST" name="Error Tests" finished-at="2024-07-29T17:57:53 IST" duration-ms="2">
    </test> <!-- Error Tests -->
  </suite> <!-- ShoppingTestSuite -->
</testng-results>
