<?xml version="1.0" encoding="UTF-8"?>
<testng-results ignored="0" total="1" passed="1" failed="0" skipped="0">
  <reporter-output>
  </reporter-output>
  <suite started-at="2024-07-28T21:42:42 IST" name="Default suite" finished-at="2024-07-28T21:43:01 IST" duration-ms="18480">
    <groups>
    </groups>
    <test started-at="2024-07-28T21:42:42 IST" name="Default test" finished-at="2024-07-28T21:43:01 IST" duration-ms="18480">
      <class name="shoppingsitetests.PlaceOrderTest">
        <test-method signature="submitOrder()[pri:0, instance:shoppingsitetests.PlaceOrderTest@a2431d0]" started-at="2024-07-28T21:42:42 IST" name="submitOrder" finished-at="2024-07-28T21:43:01 IST" duration-ms="18449" status="PASS">
          <reporter-output>
          </reporter-output>
        </test-method> <!-- submitOrder -->
      </class> <!-- shoppingsitetests.PlaceOrderTest -->
    </test> <!-- Default test -->
  </suite> <!-- Default suite -->
</testng-results>
