<?xml version="1.0" encoding="UTF-8"?>
<testng-results ignored="0" total="1" passed="1" failed="0" skipped="0">
  <reporter-output>
  </reporter-output>
  <suite started-at="2024-07-27T17:40:52 IST" name="Default suite" finished-at="2024-07-27T17:40:52 IST" duration-ms="39">
    <groups>
    </groups>
    <test started-at="2024-07-27T17:40:52 IST" name="Default test" finished-at="2024-07-27T17:40:52 IST" duration-ms="39">
      <class name="practice.ArrayListDemo">
        <test-method signature="ArrayListTest()[pri:0, instance:practice.ArrayListDemo@69997e9d]" started-at="2024-07-27T17:40:52 IST" name="ArrayListTest" finished-at="2024-07-27T17:40:52 IST" duration-ms="8" status="PASS">
          <reporter-output>
          </reporter-output>
        </test-method> <!-- ArrayListTest -->
      </class> <!-- practice.ArrayListDemo -->
    </test> <!-- Default test -->
  </suite> <!-- Default suite -->
</testng-results>
