<?xml version="1.0" encoding="UTF-8"?>
<testng-results ignored="0" total="3" passed="3" failed="0" skipped="0">
  <reporter-output>
  </reporter-output>
  <suite started-at="2024-07-28T23:40:02 IST" name="ShoppingTestSuite" finished-at="2024-07-28T23:40:42 IST" duration-ms="39521">
    <groups>
    </groups>
    <test started-at="2024-07-28T23:40:02 IST" name="SanityTests" finished-at="2024-07-28T23:40:42 IST" duration-ms="39521">
      <class name="shoppingsitetests.ErrorValidations">
        <test-method is-config="true" signature="launchApplication()[pri:0, instance:shoppingsitetests.ErrorValidations@6d3a388c]" started-at="2024-07-28T23:40:02 IST" name="launchApplication" finished-at="2024-07-28T23:40:05 IST" duration-ms="2782" status="PASS">
          <reporter-output>
          </reporter-output>
        </test-method> <!-- launchApplication -->
        <test-method signature="loginErrorTest()[pri:0, instance:shoppingsitetests.ErrorValidations@6d3a388c]" started-at="2024-07-28T23:40:05 IST" name="loginErrorTest" finished-at="2024-07-28T23:40:06 IST" duration-ms="1132" status="PASS">
          <reporter-output>
          </reporter-output>
        </test-method> <!-- loginErrorTest -->
        <test-method is-config="true" signature="tearDown()[pri:0, instance:shoppingsitetests.ErrorValidations@6d3a388c]" started-at="2024-07-28T23:40:06 IST" name="tearDown" finished-at="2024-07-28T23:40:07 IST" duration-ms="230" status="PASS">
          <reporter-output>
          </reporter-output>
        </test-method> <!-- tearDown -->
        <test-method is-config="true" signature="launchApplication()[pri:0, instance:shoppingsitetests.ErrorValidations@6d3a388c]" started-at="2024-07-28T23:40:07 IST" name="launchApplication" finished-at="2024-07-28T23:40:08 IST" duration-ms="1773" status="PASS">
          <reporter-output>
          </reporter-output>
        </test-method> <!-- launchApplication -->
        <test-method signature="productErrorTest()[pri:0, instance:shoppingsitetests.ErrorValidations@6d3a388c]" started-at="2024-07-28T23:40:08 IST" name="productErrorTest" finished-at="2024-07-28T23:40:23 IST" duration-ms="14696" status="PASS">
          <reporter-output>
          </reporter-output>
        </test-method> <!-- productErrorTest -->
        <test-method is-config="true" signature="tearDown()[pri:0, instance:shoppingsitetests.ErrorValidations@6d3a388c]" started-at="2024-07-28T23:40:23 IST" name="tearDown" finished-at="2024-07-28T23:40:24 IST" duration-ms="976" status="PASS">
          <reporter-output>
          </reporter-output>
        </test-method> <!-- tearDown -->
      </class> <!-- shoppingsitetests.ErrorValidations -->
      <class name="shoppingsitetests.PlaceOrderTest">
        <test-method is-config="true" signature="launchApplication()[pri:0, instance:shoppingsitetests.PlaceOrderTest@7133da86]" started-at="2024-07-28T23:40:24 IST" name="launchApplication" finished-at="2024-07-28T23:40:26 IST" duration-ms="1833" status="PASS">
          <reporter-output>
          </reporter-output>
        </test-method> <!-- launchApplication -->
        <test-method signature="submitOrderTest()[pri:0, instance:shoppingsitetests.PlaceOrderTest@7133da86]" started-at="2024-07-28T23:40:26 IST" name="submitOrderTest" finished-at="2024-07-28T23:40:41 IST" duration-ms="15548" status="PASS">
          <reporter-output>
          </reporter-output>
        </test-method> <!-- submitOrderTest -->
        <test-method is-config="true" signature="tearDown()[pri:0, instance:shoppingsitetests.PlaceOrderTest@7133da86]" started-at="2024-07-28T23:40:41 IST" name="tearDown" finished-at="2024-07-28T23:40:42 IST" duration-ms="516" status="PASS">
          <reporter-output>
          </reporter-output>
        </test-method> <!-- tearDown -->
      </class> <!-- shoppingsitetests.PlaceOrderTest -->
    </test> <!-- SanityTests -->
  </suite> <!-- ShoppingTestSuite -->
</testng-results>
