<?xml version="1.0" encoding="UTF-8"?>
<!-- Generated by org.testng.reporters.JUnitXMLReporter -->
<testsuite ignored="2" hostname="Abhi-PC" failures="0" tests="0" time="0.002" errors="0" timestamp="2024-07-29T17:57:53 IST">
  <testcase classname="shoppingsitetests.ErrorValidations" name="productErrorTest" time="0.0">
    <ignored/>
  </testcase> <!-- productErrorTest -->
  <testcase classname="shoppingsitetests.ErrorValidations" name="loginErrorTest" time="0.0">
    <ignored/>
  </testcase> <!-- loginErrorTest -->
</testsuite>
