<?xml version="1.0" encoding="UTF-8"?>
<!-- Generated by org.testng.reporters.JUnitXMLReporter -->
<testsuite ignored="0" hostname="Abhi-PC" failures="0" tests="3" name="SanityTests" time="39.521" errors="0" timestamp="2024-07-28T23:40:42 IST">
  <testcase classname="shoppingsitetests.ErrorValidations" name="loginErrorTest" time="1.132"/>
  <testcase classname="shoppingsitetests.ErrorValidations" name="productErrorTest" time="14.696"/>
  <testcase classname="shoppingsitetests.PlaceOrderTest" name="submitOrderTest" time="15.548"/>
</testsuite> <!-- SanityTests -->
