<?xml version="1.0" encoding="UTF-8"?>
<!-- Generated by org.testng.reporters.JUnitXMLReporter -->
<testsuite ignored="1" hostname="Abhi-PC" failures="0" tests="2" name="Submit Order Tests" time="38.38" errors="0" timestamp="2024-07-29T17:57:53 IST">
  <testcase classname="shoppingsitetests.PlaceOrderTest" name="submitOrderTest" time="15.515"/>
  <testcase classname="shoppingsitetests.PlaceOrderTest" name="submitOrderTest" time="15.527"/>
  <testcase classname="shoppingsitetests.PlaceOrderTest" name="orderHistory" time="0.0">
    <ignored/>
  </testcase> <!-- orderHistory -->
</testsuite> <!-- Submit Order Tests -->
